<?xml version="1.0" encoding="UTF-8"?>
<!-- Generated by org.testng.reporters.JUnitXMLReporter -->
<testsuite hostname="DESKTOP-F4PMV4Q" name="Default test" tests="7" failures="0" timestamp="12 Jan 2022 12:21:52 GMT" time="15.984" errors="0">
  <testcase name="login" time="1.359" classname="com.ecommerce.stepdefinition.Flipkart"/>
  <testcase name="Search" time="0.3" classname="com.ecommerce.stepdefinition.Flipkart"/>
  <testcase name="choose" time="3.054" classname="com.ecommerce.stepdefinition.Flipkart"/>
  <testcase name="window" time="0.041" classname="com.ecommerce.stepdefinition.Flipkart"/>
  <testcase name="screenshot" time="2.308" classname="com.ecommerce.stepdefinition.Flipkart"/>
  <testcase name="screenshot" time="1.454" classname="com.ecommerce.stepdefinition.Flipkart"/>
  <testcase name="screenshot" time="1.392" classname="com.ecommerce.stepdefinition.Flipkart"/>
</testsuite> <!-- Default test -->
