<?xml version="1.0" encoding="UTF-8"?>
<testng-results skipped="0" failed="0" total="1" passed="1">
  <reporter-output>
  </reporter-output>
  <suite name="Suite" duration-ms="10336" started-at="2022-01-12T12:56:58Z" finished-at="2022-01-12T12:57:09Z">
    <groups>
      <group name="searchFunctionality">
        <method signature="Amazon.searchMobile(java.lang.String, java.lang.String)[pri:0, instance:com.ecommerce.stepdefinition.Amazon@4501b7af]" name="searchMobile" class="com.ecommerce.stepdefinition.Amazon"/>
      </group> <!-- searchFunctionality -->
    </groups>
    <test name="Test" duration-ms="10336" started-at="2022-01-12T12:56:58Z" finished-at="2022-01-12T12:57:09Z">
      <class name="com.ecommerce.stepdefinition.Amazon">
        <test-method status="PASS" signature="launch()[pri:0, instance:com.ecommerce.stepdefinition.Amazon@4501b7af]" name="launch" is-config="true" duration-ms="4947" started-at="2022-01-12T20:56:58Z" finished-at="2022-01-12T20:57:03Z">
          <reporter-output>
          </reporter-output>
        </test-method> <!-- launch -->
        <test-method status="PASS" signature="searchMobile(java.lang.String, java.lang.String)[pri:0, instance:com.ecommerce.stepdefinition.Amazon@4501b7af]" name="searchMobile" duration-ms="4477" started-at="2022-01-12T20:57:03Z" finished-at="2022-01-12T20:57:08Z">
          <params>
            <param index="0">
              <value>
                <![CDATA[java]]>
              </value>
            </param>
            <param index="1">
              <value>
                <![CDATA[selenium]]>
              </value>
            </param>
          </params>
          <reporter-output>
          </reporter-output>
        </test-method> <!-- searchMobile -->
        <test-method status="PASS" signature="start()[pri:0, instance:com.ecommerce.stepdefinition.Amazon@4501b7af]" name="start" is-config="true" duration-ms="0" started-at="2022-01-12T20:57:03Z" finished-at="2022-01-12T20:57:03Z">
          <reporter-output>
          </reporter-output>
        </test-method> <!-- start -->
        <test-method status="PASS" signature="end()[pri:0, instance:com.ecommerce.stepdefinition.Amazon@4501b7af]" name="end" is-config="true" duration-ms="1" started-at="2022-01-12T20:57:08Z" finished-at="2022-01-12T20:57:08Z">
          <reporter-output>
          </reporter-output>
        </test-method> <!-- end -->
        <test-method status="PASS" signature="quit()[pri:0, instance:com.ecommerce.stepdefinition.Amazon@4501b7af]" name="quit" is-config="true" duration-ms="880" started-at="2022-01-12T20:57:08Z" finished-at="2022-01-12T20:57:09Z">
          <reporter-output>
          </reporter-output>
        </test-method> <!-- quit -->
      </class> <!-- com.ecommerce.stepdefinition.Amazon -->
    </test> <!-- Test -->
  </suite> <!-- Suite -->
</testng-results>
